{"/Users/jokerwon/workspace/jokerwon/terence/packages/core/src/engines/order.js": {"path":"/Users/jokerwon/workspace/jokerwon/terence/packages/core/src/engines/order.js","statementMap":{"0":{"start":{"line":68,"column":41},"end":{"line":75,"column":3}},"1":{"start":{"line":78,"column":20},"end":{"line":78,"column":29}},"2":{"start":{"line":84,"column":4},"end":{"line":84,"column":null}},"3":{"start":{"line":84,"column":34},"end":{"line":84,"column":54}},"4":{"start":{"line":92,"column":4},"end":{"line":92,"column":null}},"5":{"start":{"line":92,"column":55},"end":{"line":92,"column":66}},"6":{"start":{"line":100,"column":3},"end":{"line":100,"column":null}},"7":{"start":{"line":101,"column":3},"end":{"line":101,"column":null}},"8":{"start":{"line":102,"column":3},"end":{"line":102,"column":null}},"9":{"start":{"line":103,"column":3},"end":{"line":103,"column":null}},"10":{"start":{"line":104,"column":3},"end":{"line":104,"column":null}},"11":{"start":{"line":106,"column":4},"end":{"line":106,"column":null}},"12":{"start":{"line":107,"column":4},"end":{"line":107,"column":null}},"13":{"start":{"line":108,"column":4},"end":{"line":108,"column":null}},"14":{"start":{"line":109,"column":4},"end":{"line":109,"column":null}},"15":{"start":{"line":110,"column":4},"end":{"line":110,"column":null}},"16":{"start":{"line":118,"column":3},"end":{"line":118,"column":null}},"17":{"start":{"line":120,"column":18},"end":{"line":120,"column":77}},"18":{"start":{"line":120,"column":48},"end":{"line":120,"column":76}},"19":{"start":{"line":121,"column":3},"end":{"line":121,"column":null}},"20":{"start":{"line":123,"column":4},"end":{"line":123,"column":null}},"21":{"start":{"line":124,"column":4},"end":{"line":124,"column":null}},"22":{"start":{"line":125,"column":4},"end":{"line":125,"column":null}},"23":{"start":{"line":126,"column":4},"end":{"line":126,"column":null}},"24":{"start":{"line":127,"column":4},"end":{"line":127,"column":null}},"25":{"start":{"line":136,"column":3},"end":{"line":136,"column":null}},"26":{"start":{"line":137,"column":3},"end":{"line":137,"column":null}},"27":{"start":{"line":139,"column":17},"end":{"line":139,"column":65}},"28":{"start":{"line":139,"column":39},"end":{"line":139,"column":64}},"29":{"start":{"line":140,"column":3},"end":{"line":140,"column":null}},"30":{"start":{"line":142,"column":4},"end":{"line":142,"column":null}},"31":{"start":{"line":143,"column":4},"end":{"line":143,"column":null}},"32":{"start":{"line":144,"column":4},"end":{"line":144,"column":null}},"33":{"start":{"line":145,"column":4},"end":{"line":145,"column":null}},"34":{"start":{"line":146,"column":4},"end":{"line":146,"column":null}},"35":{"start":{"line":155,"column":3},"end":{"line":155,"column":null}},"36":{"start":{"line":156,"column":3},"end":{"line":156,"column":null}},"37":{"start":{"line":158,"column":4},"end":{"line":180,"column":null}},"38":{"start":{"line":159,"column":6},"end":{"line":159,"column":null}},"39":{"start":{"line":160,"column":6},"end":{"line":160,"column":null}},"40":{"start":{"line":161,"column":6},"end":{"line":161,"column":null}},"41":{"start":{"line":164,"column":22},"end":{"line":167,"column":7}},"42":{"start":{"line":165,"column":61},"end":{"line":165,"column":84}},"43":{"start":{"line":170,"column":21},"end":{"line":170,"column":47}},"44":{"start":{"line":172,"column":6},"end":{"line":172,"column":null}},"45":{"start":{"line":173,"column":6},"end":{"line":173,"column":null}},"46":{"start":{"line":174,"column":6},"end":{"line":174,"column":null}},"47":{"start":{"line":176,"column":6},"end":{"line":176,"column":null}},"48":{"start":{"line":177,"column":6},"end":{"line":177,"column":null}},"49":{"start":{"line":178,"column":6},"end":{"line":178,"column":null}},"50":{"start":{"line":179,"column":6},"end":{"line":179,"column":null}},"51":{"start":{"line":187,"column":4},"end":{"line":194,"column":null}},"52":{"start":{"line":195,"column":4},"end":{"line":195,"column":null}},"53":{"start":{"line":204,"column":4},"end":{"line":204,"column":null}},"54":{"start":{"line":207,"column":4},"end":{"line":209,"column":null}},"55":{"start":{"line":208,"column":6},"end":{"line":208,"column":null}},"56":{"start":{"line":217,"column":4},"end":{"line":219,"column":null}},"57":{"start":{"line":218,"column":6},"end":{"line":218,"column":null}},"58":{"start":{"line":222,"column":4},"end":{"line":222,"column":null}},"59":{"start":{"line":225,"column":2},"end":{"line":233,"column":null}}},"fnMap":{"0":{"name":"createOrderEngine","decl":{"start":{"line":66,"column":16},"end":{"line":66,"column":33}},"loc":{"start":{"line":66,"column":51},"end":{"line":234,"column":null}},"line":66},"1":{"name":"notify","decl":{"start":{"line":83,"column":11},"end":{"line":83,"column":17}},"loc":{"start":{"line":83,"column":20},"end":{"line":85,"column":null}},"line":83},"2":{"name":"(anonymous_2)","decl":{"start":{"line":84,"column":22},"end":{"line":84,"column":30}},"loc":{"start":{"line":84,"column":34},"end":{"line":84,"column":54}},"line":84},"3":{"name":"getState","decl":{"start":{"line":91,"column":11},"end":{"line":91,"column":19}},"loc":{"start":{"line":91,"column":22},"end":{"line":93,"column":null}},"line":91},"4":{"name":"(anonymous_4)","decl":{"start":{"line":92,"column":46},"end":{"line":92,"column":50}},"loc":{"start":{"line":92,"column":55},"end":{"line":92,"column":66}},"line":92},"5":{"name":"addItem","decl":{"start":{"line":99,"column":11},"end":{"line":99,"column":18}},"loc":{"start":{"line":99,"column":25},"end":{"line":111,"column":null}},"line":99},"6":{"name":"removeItem","decl":{"start":{"line":117,"column":11},"end":{"line":117,"column":21}},"loc":{"start":{"line":117,"column":33},"end":{"line":128,"column":null}},"line":117},"7":{"name":"(anonymous_7)","decl":{"start":{"line":120,"column":40},"end":{"line":120,"column":44}},"loc":{"start":{"line":120,"column":48},"end":{"line":120,"column":76}},"line":120},"8":{"name":"updateQty","decl":{"start":{"line":135,"column":11},"end":{"line":135,"column":20}},"loc":{"start":{"line":135,"column":42},"end":{"line":147,"column":null}},"line":135},"9":{"name":"(anonymous_9)","decl":{"start":{"line":139,"column":34},"end":{"line":139,"column":35}},"loc":{"start":{"line":139,"column":39},"end":{"line":139,"column":64}},"line":139},"10":{"name":"submit","decl":{"start":{"line":153,"column":17},"end":{"line":153,"column":23}},"loc":{"start":{"line":153,"column":26},"end":{"line":181,"column":null}},"line":153},"11":{"name":"(anonymous_11)","decl":{"start":{"line":165,"column":31},"end":{"line":165,"column":32}},"loc":{"start":{"line":165,"column":61},"end":{"line":165,"column":84}},"line":165},"12":{"name":"reset","decl":{"start":{"line":186,"column":11},"end":{"line":186,"column":16}},"loc":{"start":{"line":186,"column":19},"end":{"line":196,"column":null}},"line":186},"13":{"name":"subscribe","decl":{"start":{"line":203,"column":11},"end":{"line":203,"column":20}},"loc":{"start":{"line":203,"column":31},"end":{"line":210,"column":null}},"line":203},"14":{"name":"(anonymous_14)","decl":{"start":{"line":207,"column":11},"end":{"line":207,"column":12}},"loc":{"start":{"line":207,"column":17},"end":{"line":209,"column":5}},"line":207},"15":{"name":"recalculate","decl":{"start":{"line":215,"column":11},"end":{"line":215,"column":22}},"loc":{"start":{"line":215,"column":25},"end":{"line":223,"column":null}},"line":215},"16":{"name":"(anonymous_16)","decl":{"start":{"line":217,"column":43},"end":{"line":217,"column":44}},"loc":{"start":{"line":217,"column":58},"end":{"line":219,"column":5}},"line":217}},"branchMap":{"0":{"loc":{"start":{"line":103,"column":14},"end":{"line":103,"column":62}},"type":"binary-expr","locations":[{"start":{"line":103,"column":14},"end":{"line":103,"column":44}},{"start":{"line":103,"column":48},"end":{"line":103,"column":62}}],"line":103},"1":{"loc":{"start":{"line":104,"column":14},"end":{"line":104,"column":68}},"type":"binary-expr","locations":[{"start":{"line":104,"column":14},"end":{"line":104,"column":47}},{"start":{"line":104,"column":51},"end":{"line":104,"column":68}}],"line":104},"2":{"loc":{"start":{"line":106,"column":38},"end":{"line":106,"column":54}},"type":"binary-expr","locations":[{"start":{"line":106,"column":38},"end":{"line":106,"column":47}},{"start":{"line":106,"column":51},"end":{"line":106,"column":54}}],"line":106},"3":{"loc":{"start":{"line":124,"column":19},"end":{"line":124,"column":62}},"type":"cond-expr","locations":[{"start":{"line":124,"column":44},"end":{"line":124,"column":53}},{"start":{"line":124,"column":56},"end":{"line":124,"column":62}}],"line":124},"4":{"loc":{"start":{"line":137,"column":14},"end":{"line":137,"column":58}},"type":"binary-expr","locations":[{"start":{"line":137,"column":14},"end":{"line":137,"column":42}},{"start":{"line":137,"column":46},"end":{"line":137,"column":58}}],"line":137},"5":{"loc":{"start":{"line":177,"column":20},"end":{"line":177,"column":72}},"type":"cond-expr","locations":[{"start":{"line":177,"column":43},"end":{"line":177,"column":54}},{"start":{"line":177,"column":57},"end":{"line":177,"column":72}}],"line":177},"6":{"loc":{"start":{"line":222,"column":22},"end":{"line":222,"column":77}},"type":"binary-expr","locations":[{"start":{"line":222,"column":22},"end":{"line":222,"column":44}},{"start":{"line":222,"column":48},"end":{"line":222,"column":77}}],"line":222}},"s":{"0":21,"1":21,"2":27,"3":5,"4":15,"5":12,"6":20,"7":20,"8":20,"9":20,"10":20,"11":20,"12":20,"13":20,"14":20,"15":20,"16":3,"17":3,"18":2,"19":3,"20":3,"21":3,"22":3,"23":3,"24":3,"25":3,"26":3,"27":3,"28":2,"29":3,"30":3,"31":3,"32":3,"33":3,"34":3,"35":5,"36":5,"37":5,"38":5,"39":5,"40":5,"41":5,"42":3,"43":5,"44":2,"45":2,"46":2,"47":1,"48":1,"49":1,"50":1,"51":2,"52":2,"53":6,"54":6,"55":1,"56":19,"57":18,"58":19,"59":21},"f":{"0":21,"1":27,"2":5,"3":15,"4":12,"5":20,"6":3,"7":2,"8":3,"9":2,"10":5,"11":3,"12":2,"13":6,"14":1,"15":19,"16":18},"b":{"0":[20,18],"1":[20,17],"2":[20,16],"3":[0,1],"4":[3,3],"5":[1,0],"6":[19,18]},"meta":{"lastBranch":7,"lastFunction":17,"lastStatement":60,"seen":{"f:66:16:66:33":0,"s:68:41:75:3":0,"s:78:20:78:29":1,"f:83:11:83:17":1,"s:84:4:84:Infinity":2,"f:84:22:84:30":2,"s:84:34:84:54":3,"f:91:11:91:19":3,"s:92:4:92:Infinity":4,"f:92:46:92:50":4,"s:92:55:92:66":5,"f:99:11:99:18":5,"s:100:3:100:Infinity":6,"s:101:3:101:Infinity":7,"s:102:3:102:Infinity":8,"s:103:3:103:Infinity":9,"b:103:14:103:44:103:48:103:62":0,"s:104:3:104:Infinity":10,"b:104:14:104:47:104:51:104:68":1,"s:106:4:106:Infinity":11,"b:106:38:106:47:106:51:106:54":2,"s:107:4:107:Infinity":12,"s:108:4:108:Infinity":13,"s:109:4:109:Infinity":14,"s:110:4:110:Infinity":15,"f:117:11:117:21":6,"s:118:3:118:Infinity":16,"s:120:18:120:77":17,"f:120:40:120:44":7,"s:120:48:120:76":18,"s:121:3:121:Infinity":19,"s:123:4:123:Infinity":20,"s:124:4:124:Infinity":21,"b:124:44:124:53:124:56:124:62":3,"s:125:4:125:Infinity":22,"s:126:4:126:Infinity":23,"s:127:4:127:Infinity":24,"f:135:11:135:20":8,"s:136:3:136:Infinity":25,"s:137:3:137:Infinity":26,"b:137:14:137:42:137:46:137:58":4,"s:139:17:139:65":27,"f:139:34:139:35":9,"s:139:39:139:64":28,"s:140:3:140:Infinity":29,"s:142:4:142:Infinity":30,"s:143:4:143:Infinity":31,"s:144:4:144:Infinity":32,"s:145:4:145:Infinity":33,"s:146:4:146:Infinity":34,"f:153:17:153:23":10,"s:155:3:155:Infinity":35,"s:156:3:156:Infinity":36,"s:158:4:180:Infinity":37,"s:159:6:159:Infinity":38,"s:160:6:160:Infinity":39,"s:161:6:161:Infinity":40,"s:164:22:167:7":41,"f:165:31:165:32":11,"s:165:61:165:84":42,"s:170:21:170:47":43,"s:172:6:172:Infinity":44,"s:173:6:173:Infinity":45,"s:174:6:174:Infinity":46,"s:176:6:176:Infinity":47,"s:177:6:177:Infinity":48,"b:177:43:177:54:177:57:177:72":5,"s:178:6:178:Infinity":49,"s:179:6:179:Infinity":50,"f:186:11:186:16":12,"s:187:4:194:Infinity":51,"s:195:4:195:Infinity":52,"f:203:11:203:20":13,"s:204:4:204:Infinity":53,"s:207:4:209:Infinity":54,"f:207:11:207:12":14,"s:208:6:208:Infinity":55,"f:215:11:215:22":15,"s:217:4:219:Infinity":56,"f:217:43:217:44":16,"s:218:6:218:Infinity":57,"s:222:4:222:Infinity":58,"b:222:22:222:44:222:48:222:77":6,"s:225:2:233:Infinity":59}}}
,"/Users/jokerwon/workspace/jokerwon/terence/packages/core/src/guards/orderGuard.js": {"path":"/Users/jokerwon/workspace/jokerwon/terence/packages/core/src/guards/orderGuard.js","statementMap":{"0":{"start":{"line":26,"column":1},"end":{"line":27,"column":null}},"1":{"start":{"line":28,"column":1},"end":{"line":29,"column":null}},"2":{"start":{"line":30,"column":1},"end":{"line":31,"column":null}},"3":{"start":{"line":45,"column":1},"end":{"line":45,"column":null}},"4":{"start":{"line":46,"column":1},"end":{"line":46,"column":null}},"5":{"start":{"line":49,"column":1},"end":{"line":49,"column":null}},"6":{"start":{"line":50,"column":1},"end":{"line":50,"column":null}},"7":{"start":{"line":53,"column":1},"end":{"line":53,"column":null}},"8":{"start":{"line":54,"column":1},"end":{"line":54,"column":null}},"9":{"start":{"line":57,"column":1},"end":{"line":57,"column":null}},"10":{"start":{"line":58,"column":1},"end":{"line":58,"column":null}},"11":{"start":{"line":59,"column":1},"end":{"line":59,"column":null}},"12":{"start":{"line":62,"column":1},"end":{"line":62,"column":null}},"13":{"start":{"line":63,"column":1},"end":{"line":63,"column":null}},"14":{"start":{"line":64,"column":1},"end":{"line":64,"column":null}},"15":{"start":{"line":65,"column":1},"end":{"line":65,"column":null}},"16":{"start":{"line":68,"column":2},"end":{"line":70,"column":null}},"17":{"start":{"line":69,"column":3},"end":{"line":69,"column":null}},"18":{"start":{"line":80,"column":1},"end":{"line":80,"column":null}},"19":{"start":{"line":81,"column":1},"end":{"line":81,"column":null}},"20":{"start":{"line":82,"column":1},"end":{"line":82,"column":null}},"21":{"start":{"line":83,"column":1},"end":{"line":83,"column":null}},"22":{"start":{"line":94,"column":1},"end":{"line":94,"column":null}},"23":{"start":{"line":95,"column":1},"end":{"line":95,"column":null}},"24":{"start":{"line":97,"column":17},"end":{"line":97,"column":71}},"25":{"start":{"line":97,"column":42},"end":{"line":97,"column":70}},"26":{"start":{"line":98,"column":1},"end":{"line":98,"column":null}}},"fnMap":{"0":{"name":"assertCanSubmit","decl":{"start":{"line":25,"column":16},"end":{"line":25,"column":31}},"loc":{"start":{"line":25,"column":39},"end":{"line":32,"column":null}},"line":25},"1":{"name":"assertValidItem","decl":{"start":{"line":44,"column":16},"end":{"line":44,"column":31}},"loc":{"start":{"line":44,"column":38},"end":{"line":71,"column":null}},"line":44},"2":{"name":"assertValidQuantity","decl":{"start":{"line":79,"column":16},"end":{"line":79,"column":35}},"loc":{"start":{"line":79,"column":46},"end":{"line":84,"column":null}},"line":79},"3":{"name":"assertProductExists","decl":{"start":{"line":93,"column":16},"end":{"line":93,"column":35}},"loc":{"start":{"line":93,"column":54},"end":{"line":99,"column":null}},"line":93},"4":{"name":"(anonymous_4)","decl":{"start":{"line":97,"column":34},"end":{"line":97,"column":38}},"loc":{"start":{"line":97,"column":42},"end":{"line":97,"column":70}},"line":97}},"branchMap":{"0":{"loc":{"start":{"line":26,"column":12},"end":{"line":26,"column":65}},"type":"binary-expr","locations":[{"start":{"line":26,"column":12},"end":{"line":26,"column":38}},{"start":{"line":26,"column":42},"end":{"line":26,"column":65}}],"line":26},"1":{"loc":{"start":{"line":68,"column":2},"end":{"line":70,"column":null}},"type":"if","locations":[{"start":{"line":68,"column":2},"end":{"line":70,"column":null}},{"start":{},"end":{}}],"line":68}},"s":{"0":7,"1":7,"2":7,"3":16,"4":16,"5":16,"6":16,"7":16,"8":16,"9":16,"10":16,"11":16,"12":16,"13":16,"14":16,"15":16,"16":16,"17":2,"18":7,"19":7,"20":7,"21":7,"22":6,"23":6,"24":6,"25":7,"26":6},"f":{"0":7,"1":16,"2":7,"3":6,"4":7},"b":{"0":[7,6],"1":[2,14]},"meta":{"lastBranch":2,"lastFunction":5,"lastStatement":27,"seen":{"f:25:16:25:31":0,"s:26:1:27:Infinity":0,"b:26:12:26:38:26:42:26:65":0,"s:28:1:29:Infinity":1,"s:30:1:31:Infinity":2,"f:44:16:44:31":1,"s:45:1:45:Infinity":3,"s:46:1:46:Infinity":4,"s:49:1:49:Infinity":5,"s:50:1:50:Infinity":6,"s:53:1:53:Infinity":7,"s:54:1:54:Infinity":8,"s:57:1:57:Infinity":9,"s:58:1:58:Infinity":10,"s:59:1:59:Infinity":11,"s:62:1:62:Infinity":12,"s:63:1:63:Infinity":13,"s:64:1:64:Infinity":14,"s:65:1:65:Infinity":15,"b:68:2:70:Infinity:undefined:undefined:undefined:undefined":1,"s:68:2:70:Infinity":16,"s:69:3:69:Infinity":17,"f:79:16:79:35":2,"s:80:1:80:Infinity":18,"s:81:1:81:Infinity":19,"s:82:1:82:Infinity":20,"s:83:1:83:Infinity":21,"f:93:16:93:35":3,"s:94:1:94:Infinity":22,"s:95:1:95:Infinity":23,"s:97:17:97:71":24,"f:97:34:97:38":4,"s:97:42:97:70":25,"s:98:1:98:Infinity":26}}}
,"/Users/jokerwon/workspace/jokerwon/terence/packages/core/src/services/pricing.js": {"path":"/Users/jokerwon/workspace/jokerwon/terence/packages/core/src/services/pricing.js","statementMap":{"0":{"start":{"line":28,"column":2},"end":{"line":30,"column":null}},"1":{"start":{"line":29,"column":4},"end":{"line":29,"column":null}},"2":{"start":{"line":32,"column":2},"end":{"line":37,"column":null}},"3":{"start":{"line":33,"column":4},"end":{"line":35,"column":null}},"4":{"start":{"line":34,"column":6},"end":{"line":34,"column":null}},"5":{"start":{"line":36,"column":4},"end":{"line":36,"column":null}},"6":{"start":{"line":61,"column":2},"end":{"line":63,"column":null}},"7":{"start":{"line":62,"column":4},"end":{"line":62,"column":null}},"8":{"start":{"line":65,"column":2},"end":{"line":67,"column":null}},"9":{"start":{"line":66,"column":4},"end":{"line":66,"column":null}},"10":{"start":{"line":70,"column":2},"end":{"line":75,"column":null}},"11":{"start":{"line":71,"column":4},"end":{"line":73,"column":null}},"12":{"start":{"line":72,"column":6},"end":{"line":72,"column":null}},"13":{"start":{"line":74,"column":4},"end":{"line":74,"column":null}},"14":{"start":{"line":78,"column":2},"end":{"line":83,"column":null}},"15":{"start":{"line":79,"column":4},"end":{"line":81,"column":null}},"16":{"start":{"line":80,"column":6},"end":{"line":80,"column":null}},"17":{"start":{"line":82,"column":4},"end":{"line":82,"column":null}},"18":{"start":{"line":85,"column":2},"end":{"line":85,"column":null}},"19":{"start":{"line":100,"column":19},"end":{"line":100,"column":63}},"20":{"start":{"line":101,"column":2},"end":{"line":101,"column":null}},"21":{"start":{"line":122,"column":43},"end":{"line":122,"column":50}},"22":{"start":{"line":124,"column":2},"end":{"line":126,"column":null}},"23":{"start":{"line":125,"column":4},"end":{"line":125,"column":null}},"24":{"start":{"line":129,"column":15},"end":{"line":129,"column":27}},"25":{"start":{"line":130,"column":20},"end":{"line":130,"column":42}},"26":{"start":{"line":132,"column":2},"end":{"line":132,"column":null}}},"fnMap":{"0":{"name":"calculateTotal","decl":{"start":{"line":27,"column":16},"end":{"line":27,"column":30}},"loc":{"start":{"line":27,"column":38},"end":{"line":38,"column":null}},"line":27},"1":{"name":"(anonymous_1)","decl":{"start":{"line":32,"column":22},"end":{"line":32,"column":23}},"loc":{"start":{"line":32,"column":37},"end":{"line":37,"column":3}},"line":32},"2":{"name":"calculateDiscount","decl":{"start":{"line":60,"column":16},"end":{"line":60,"column":33}},"loc":{"start":{"line":60,"column":61},"end":{"line":86,"column":null}},"line":60},"3":{"name":"calculateFinalAmount","decl":{"start":{"line":99,"column":16},"end":{"line":99,"column":36}},"loc":{"start":{"line":99,"column":64},"end":{"line":102,"column":null}},"line":99},"4":{"name":"formatAmount","decl":{"start":{"line":121,"column":16},"end":{"line":121,"column":28}},"loc":{"start":{"line":121,"column":51},"end":{"line":133,"column":null}},"line":121}},"branchMap":{"0":{"loc":{"start":{"line":28,"column":2},"end":{"line":30,"column":null}},"type":"if","locations":[{"start":{"line":28,"column":2},"end":{"line":30,"column":null}},{"start":{},"end":{}}],"line":28},"1":{"loc":{"start":{"line":33,"column":4},"end":{"line":35,"column":null}},"type":"if","locations":[{"start":{"line":33,"column":4},"end":{"line":35,"column":null}},{"start":{},"end":{}}],"line":33},"2":{"loc":{"start":{"line":33,"column":8},"end":{"line":33,"column":91}},"type":"binary-expr","locations":[{"start":{"line":33,"column":8},"end":{"line":33,"column":20}},{"start":{"line":33,"column":24},"end":{"line":33,"column":54}},{"start":{"line":33,"column":58},"end":{"line":33,"column":91}}],"line":33},"3":{"loc":{"start":{"line":61,"column":2},"end":{"line":63,"column":null}},"type":"if","locations":[{"start":{"line":61,"column":2},"end":{"line":63,"column":null}},{"start":{},"end":{}}],"line":61},"4":{"loc":{"start":{"line":61,"column":6},"end":{"line":61,"column":56}},"type":"binary-expr","locations":[{"start":{"line":61,"column":6},"end":{"line":61,"column":37}},{"start":{"line":61,"column":41},"end":{"line":61,"column":56}}],"line":61},"5":{"loc":{"start":{"line":65,"column":2},"end":{"line":67,"column":null}},"type":"if","locations":[{"start":{"line":65,"column":2},"end":{"line":67,"column":null}},{"start":{},"end":{}}],"line":65},"6":{"loc":{"start":{"line":65,"column":6},"end":{"line":65,"column":62}},"type":"binary-expr","locations":[{"start":{"line":65,"column":6},"end":{"line":65,"column":26}},{"start":{"line":65,"column":30},"end":{"line":65,"column":62}}],"line":65},"7":{"loc":{"start":{"line":70,"column":2},"end":{"line":75,"column":null}},"type":"if","locations":[{"start":{"line":70,"column":2},"end":{"line":75,"column":null}},{"start":{},"end":{}}],"line":70},"8":{"loc":{"start":{"line":70,"column":6},"end":{"line":70,"column":67}},"type":"binary-expr","locations":[{"start":{"line":70,"column":6},"end":{"line":70,"column":36}},{"start":{"line":70,"column":40},"end":{"line":70,"column":67}}],"line":70},"9":{"loc":{"start":{"line":71,"column":4},"end":{"line":73,"column":null}},"type":"if","locations":[{"start":{"line":71,"column":4},"end":{"line":73,"column":null}},{"start":{},"end":{}}],"line":71},"10":{"loc":{"start":{"line":78,"column":2},"end":{"line":83,"column":null}},"type":"if","locations":[{"start":{"line":78,"column":2},"end":{"line":83,"column":null}},{"start":{},"end":{}}],"line":78},"11":{"loc":{"start":{"line":79,"column":4},"end":{"line":81,"column":null}},"type":"if","locations":[{"start":{"line":79,"column":4},"end":{"line":81,"column":null}},{"start":{},"end":{}}],"line":79},"12":{"loc":{"start":{"line":79,"column":8},"end":{"line":79,"column":62}},"type":"binary-expr","locations":[{"start":{"line":79,"column":8},"end":{"line":79,"column":32}},{"start":{"line":79,"column":36},"end":{"line":79,"column":62}}],"line":79},"13":{"loc":{"start":{"line":121,"column":37},"end":{"line":121,"column":49}},"type":"default-arg","locations":[{"start":{"line":121,"column":47},"end":{"line":121,"column":49}}],"line":121},"14":{"loc":{"start":{"line":122,"column":10},"end":{"line":122,"column":24}},"type":"default-arg","locations":[{"start":{"line":122,"column":21},"end":{"line":122,"column":24}}],"line":122},"15":{"loc":{"start":{"line":122,"column":26},"end":{"line":122,"column":38}},"type":"default-arg","locations":[{"start":{"line":122,"column":37},"end":{"line":122,"column":38}}],"line":122},"16":{"loc":{"start":{"line":124,"column":2},"end":{"line":126,"column":null}},"type":"if","locations":[{"start":{"line":124,"column":2},"end":{"line":126,"column":null}},{"start":{},"end":{}}],"line":124},"17":{"loc":{"start":{"line":124,"column":6},"end":{"line":124,"column":46}},"type":"binary-expr","locations":[{"start":{"line":124,"column":6},"end":{"line":124,"column":32}},{"start":{"line":124,"column":36},"end":{"line":124,"column":46}}],"line":124}},"s":{"0":6,"1":2,"2":4,"3":4,"4":1,"5":3,"6":17,"7":2,"8":15,"9":2,"10":13,"11":6,"12":4,"13":2,"14":7,"15":7,"16":2,"17":5,"18":0,"19":3,"20":3,"21":12,"22":12,"23":2,"24":10,"25":10,"26":10},"f":{"0":6,"1":4,"2":17,"3":3,"4":12},"b":{"0":[2,4],"1":[1,3],"2":[4,4,3],"3":[2,15],"4":[17,16],"5":[2,13],"6":[15,13],"7":[6,7],"8":[13,6],"9":[4,2],"10":[7,0],"11":[2,5],"12":[7,6],"13":[12],"14":[12],"15":[12],"16":[2,10],"17":[12,11]},"meta":{"lastBranch":18,"lastFunction":5,"lastStatement":27,"seen":{"f:27:16:27:30":0,"b:28:2:30:Infinity:undefined:undefined:undefined:undefined":0,"s:28:2:30:Infinity":0,"s:29:4:29:Infinity":1,"s:32:2:37:Infinity":2,"f:32:22:32:23":1,"b:33:4:35:Infinity:undefined:undefined:undefined:undefined":1,"s:33:4:35:Infinity":3,"b:33:8:33:20:33:24:33:54:33:58:33:91":2,"s:34:6:34:Infinity":4,"s:36:4:36:Infinity":5,"f:60:16:60:33":2,"b:61:2:63:Infinity:undefined:undefined:undefined:undefined":3,"s:61:2:63:Infinity":6,"b:61:6:61:37:61:41:61:56":4,"s:62:4:62:Infinity":7,"b:65:2:67:Infinity:undefined:undefined:undefined:undefined":5,"s:65:2:67:Infinity":8,"b:65:6:65:26:65:30:65:62":6,"s:66:4:66:Infinity":9,"b:70:2:75:Infinity:undefined:undefined:undefined:undefined":7,"s:70:2:75:Infinity":10,"b:70:6:70:36:70:40:70:67":8,"b:71:4:73:Infinity:undefined:undefined:undefined:undefined":9,"s:71:4:73:Infinity":11,"s:72:6:72:Infinity":12,"s:74:4:74:Infinity":13,"b:78:2:83:Infinity:undefined:undefined:undefined:undefined":10,"s:78:2:83:Infinity":14,"b:79:4:81:Infinity:undefined:undefined:undefined:undefined":11,"s:79:4:81:Infinity":15,"b:79:8:79:32:79:36:79:62":12,"s:80:6:80:Infinity":16,"s:82:4:82:Infinity":17,"s:85:2:85:Infinity":18,"f:99:16:99:36":3,"s:100:19:100:63":19,"s:101:2:101:Infinity":20,"f:121:16:121:28":4,"b:121:47:121:49":13,"s:122:43:122:50":21,"b:122:21:122:24":14,"b:122:37:122:38":15,"b:124:2:126:Infinity:undefined:undefined:undefined:undefined":16,"s:124:2:126:Infinity":22,"b:124:6:124:32:124:36:124:46":17,"s:125:4:125:Infinity":23,"s:129:15:129:27":24,"s:130:20:130:42":25,"s:132:2:132:Infinity":26}}}
,"/Users/jokerwon/workspace/jokerwon/terence/packages/core/src/utils/invariant.js": {"path":"/Users/jokerwon/workspace/jokerwon/terence/packages/core/src/utils/invariant.js","statementMap":{"0":{"start":{"line":12,"column":2},"end":{"line":14,"column":null}},"1":{"start":{"line":13,"column":4},"end":{"line":13,"column":null}}},"fnMap":{"0":{"name":"invariant","decl":{"start":{"line":11,"column":16},"end":{"line":11,"column":25}},"loc":{"start":{"line":11,"column":46},"end":{"line":15,"column":null}},"line":11}},"branchMap":{"0":{"loc":{"start":{"line":12,"column":2},"end":{"line":14,"column":null}},"type":"if","locations":[{"start":{"line":12,"column":2},"end":{"line":14,"column":null}},{"start":{},"end":{}}],"line":12}},"s":{"0":294,"1":39},"f":{"0":294},"b":{"0":[39,255]},"meta":{"lastBranch":1,"lastFunction":1,"lastStatement":2,"seen":{"f:11:16:11:25":0,"b:12:2:14:Infinity:undefined:undefined:undefined:undefined":0,"s:12:2:14:Infinity":0,"s:13:4:13:Infinity":1}}}
}
